{"/Users/distillery/Documents/Hexlet/My Projects/frontend-project-46/src/formatters/index.js": {"path":"/Users/distillery/Documents/Hexlet/My Projects/frontend-project-46/src/formatters/index.js","statementMap":{"0":{"start":{"line":5,"column":22},"end":{"line":9,"column":1}},"1":{"start":{"line":11,"column":24},"end":{"line":11,"column":57}},"2":{"start":{"line":11,"column":36},"end":{"line":11,"column":57}}},"fnMap":{"0":{"name":"(anonymous_0)","decl":{"start":{"line":11,"column":24},"end":{"line":11,"column":25}},"loc":{"start":{"line":11,"column":36},"end":{"line":11,"column":57}},"line":11}},"branchMap":{},"s":{"0":3,"1":3,"2":3},"f":{"0":3},"b":{},"_coverageSchema":"1a1c01bbd47fc00a2c39e90264f33305004495a9","hash":"30028ba8a4db2e278bb31c98a42c0d3ee02c640d"}
,"/Users/distillery/Documents/Hexlet/My Projects/frontend-project-46/src/formatters/plain.js": {"path":"/Users/distillery/Documents/Hexlet/My Projects/frontend-project-46/src/formatters/plain.js","statementMap":{"0":{"start":{"line":4,"column":27},"end":{"line":4,"column":97}},"1":{"start":{"line":4,"column":38},"end":{"line":4,"column":97}},"2":{"start":{"line":6,"column":24},"end":{"line":6,"column":66}},"3":{"start":{"line":6,"column":34},"end":{"line":6,"column":66}},"4":{"start":{"line":7,"column":22},"end":{"line":7,"column":116}},"5":{"start":{"line":7,"column":42},"end":{"line":7,"column":116}},"6":{"start":{"line":8,"column":24},"end":{"line":8,"column":159}},"7":{"start":{"line":8,"column":54},"end":{"line":8,"column":159}},"8":{"start":{"line":10,"column":28},"end":{"line":10,"column":99}},"9":{"start":{"line":10,"column":40},"end":{"line":10,"column":98}},"10":{"start":{"line":12,"column":19},"end":{"line":12,"column":82}},"11":{"start":{"line":12,"column":39},"end":{"line":12,"column":82}},"12":{"start":{"line":14,"column":17},"end":{"line":57,"column":1}},"13":{"start":{"line":15,"column":17},"end":{"line":15,"column":19}},"14":{"start":{"line":17,"column":22},"end":{"line":51,"column":3}},"15":{"start":{"line":18,"column":18},"end":{"line":48,"column":6}},"16":{"start":{"line":19,"column":19},"end":{"line":19,"column":23}},"17":{"start":{"line":20,"column":6},"end":{"line":45,"column":7}},"18":{"start":{"line":21,"column":8},"end":{"line":21,"column":60}},"19":{"start":{"line":22,"column":13},"end":{"line":45,"column":7}},"20":{"start":{"line":23,"column":8},"end":{"line":27,"column":10}},"21":{"start":{"line":28,"column":13},"end":{"line":45,"column":7}},"22":{"start":{"line":29,"column":8},"end":{"line":44,"column":9}},"23":{"start":{"line":30,"column":10},"end":{"line":37,"column":12}},"24":{"start":{"line":38,"column":10},"end":{"line":38,"column":35}},"25":{"start":{"line":40,"column":10},"end":{"line":43,"column":12}},"26":{"start":{"line":47,"column":6},"end":{"line":47,"column":20}},"27":{"start":{"line":50,"column":4},"end":{"line":50,"column":23}},"28":{"start":{"line":53,"column":2},"end":{"line":53,"column":34}},"29":{"start":{"line":55,"column":22},"end":{"line":55,"column":68}},"30":{"start":{"line":55,"column":47},"end":{"line":55,"column":51}},"31":{"start":{"line":56,"column":2},"end":{"line":56,"column":33}},"32":{"start":{"line":59,"column":24},"end":{"line":59,"column":82}},"33":{"start":{"line":59,"column":35},"end":{"line":59,"column":82}},"34":{"start":{"line":59,"column":55},"end":{"line":59,"column":72}},"35":{"start":{"line":61,"column":14},"end":{"line":64,"column":1}},"36":{"start":{"line":62,"column":16},"end":{"line":62,"column":34}},"37":{"start":{"line":63,"column":2},"end":{"line":63,"column":32}}},"fnMap":{"0":{"name":"(anonymous_0)","decl":{"start":{"line":4,"column":27},"end":{"line":4,"column":28}},"loc":{"start":{"line":4,"column":38},"end":{"line":4,"column":97}},"line":4},"1":{"name":"(anonymous_1)","decl":{"start":{"line":6,"column":24},"end":{"line":6,"column":25}},"loc":{"start":{"line":6,"column":34},"end":{"line":6,"column":66}},"line":6},"2":{"name":"(anonymous_2)","decl":{"start":{"line":7,"column":22},"end":{"line":7,"column":23}},"loc":{"start":{"line":7,"column":42},"end":{"line":7,"column":116}},"line":7},"3":{"name":"(anonymous_3)","decl":{"start":{"line":8,"column":24},"end":{"line":8,"column":25}},"loc":{"start":{"line":8,"column":54},"end":{"line":8,"column":159}},"line":8},"4":{"name":"(anonymous_4)","decl":{"start":{"line":10,"column":28},"end":{"line":10,"column":29}},"loc":{"start":{"line":10,"column":40},"end":{"line":10,"column":98}},"line":10},"5":{"name":"(anonymous_5)","decl":{"start":{"line":12,"column":19},"end":{"line":12,"column":20}},"loc":{"start":{"line":12,"column":39},"end":{"line":12,"column":82}},"line":12},"6":{"name":"(anonymous_6)","decl":{"start":{"line":14,"column":17},"end":{"line":14,"column":18}},"loc":{"start":{"line":14,"column":41},"end":{"line":57,"column":1}},"line":14},"7":{"name":"(anonymous_7)","decl":{"start":{"line":17,"column":22},"end":{"line":17,"column":23}},"loc":{"start":{"line":17,"column":43},"end":{"line":51,"column":3}},"line":17},"8":{"name":"(anonymous_8)","decl":{"start":{"line":18,"column":31},"end":{"line":18,"column":32}},"loc":{"start":{"line":18,"column":69},"end":{"line":48,"column":5}},"line":18},"9":{"name":"(anonymous_9)","decl":{"start":{"line":55,"column":37},"end":{"line":55,"column":38}},"loc":{"start":{"line":55,"column":47},"end":{"line":55,"column":51}},"line":55},"10":{"name":"(anonymous_10)","decl":{"start":{"line":59,"column":24},"end":{"line":59,"column":25}},"loc":{"start":{"line":59,"column":35},"end":{"line":59,"column":82}},"line":59},"11":{"name":"(anonymous_11)","decl":{"start":{"line":59,"column":45},"end":{"line":59,"column":46}},"loc":{"start":{"line":59,"column":55},"end":{"line":59,"column":72}},"line":59},"12":{"name":"(anonymous_12)","decl":{"start":{"line":61,"column":14},"end":{"line":61,"column":15}},"loc":{"start":{"line":61,"column":24},"end":{"line":64,"column":1}},"line":61}},"branchMap":{"0":{"loc":{"start":{"line":4,"column":41},"end":{"line":4,"column":95}},"type":"cond-expr","locations":[{"start":{"line":4,"column":75},"end":{"line":4,"column":87}},{"start":{"line":4,"column":90},"end":{"line":4,"column":95}}],"line":4},"1":{"loc":{"start":{"line":10,"column":40},"end":{"line":10,"column":98}},"type":"cond-expr","locations":[{"start":{"line":10,"column":73},"end":{"line":10,"column":90}},{"start":{"line":10,"column":93},"end":{"line":10,"column":98}}],"line":10},"2":{"loc":{"start":{"line":12,"column":42},"end":{"line":12,"column":74}},"type":"cond-expr","locations":[{"start":{"line":12,"column":54},"end":{"line":12,"column":69}},{"start":{"line":12,"column":72},"end":{"line":12,"column":74}}],"line":12},"3":{"loc":{"start":{"line":20,"column":6},"end":{"line":45,"column":7}},"type":"if","locations":[{"start":{"line":20,"column":6},"end":{"line":45,"column":7}},{"start":{"line":22,"column":13},"end":{"line":45,"column":7}}],"line":20},"4":{"loc":{"start":{"line":20,"column":10},"end":{"line":20,"column":49}},"type":"binary-expr","locations":[{"start":{"line":20,"column":10},"end":{"line":20,"column":15}},{"start":{"line":20,"column":19},"end":{"line":20,"column":49}}],"line":20},"5":{"loc":{"start":{"line":22,"column":13},"end":{"line":45,"column":7}},"type":"if","locations":[{"start":{"line":22,"column":13},"end":{"line":45,"column":7}},{"start":{"line":28,"column":13},"end":{"line":45,"column":7}}],"line":22},"6":{"loc":{"start":{"line":28,"column":13},"end":{"line":45,"column":7}},"type":"if","locations":[{"start":{"line":28,"column":13},"end":{"line":45,"column":7}},{"start":{},"end":{}}],"line":28},"7":{"loc":{"start":{"line":29,"column":8},"end":{"line":44,"column":9}},"type":"if","locations":[{"start":{"line":29,"column":8},"end":{"line":44,"column":9}},{"start":{"line":39,"column":15},"end":{"line":44,"column":9}}],"line":29}},"s":{"0":3,"1":3,"2":3,"3":2,"4":3,"5":1,"6":3,"7":1,"8":3,"9":3,"10":3,"11":8,"12":3,"13":1,"14":1,"15":1,"16":5,"17":5,"18":0,"19":5,"20":1,"21":4,"22":3,"23":1,"24":1,"25":2,"26":5,"27":1,"28":1,"29":1,"30":1,"31":1,"32":3,"33":1,"34":4,"35":3,"36":1,"37":1},"f":{"0":3,"1":2,"2":1,"3":1,"4":3,"5":8,"6":1,"7":1,"8":5,"9":1,"10":1,"11":4,"12":1},"b":{"0":[1,2],"1":[0,3],"2":[0,8],"3":[0,5],"4":[5,1],"5":[1,4],"6":[3,1],"7":[1,2]},"_coverageSchema":"1a1c01bbd47fc00a2c39e90264f33305004495a9","hash":"14a94923beb1bfba6dcbc6234d653f8ce6724df0"}
,"/Users/distillery/Documents/Hexlet/My Projects/frontend-project-46/src/formatters/stylish.js": {"path":"/Users/distillery/Documents/Hexlet/My Projects/frontend-project-46/src/formatters/stylish.js","statementMap":{"0":{"start":{"line":4,"column":18},"end":{"line":10,"column":1}},"1":{"start":{"line":5,"column":29},"end":{"line":5,"column":47}},"2":{"start":{"line":6,"column":22},"end":{"line":6,"column":46}},"3":{"start":{"line":7,"column":19},"end":{"line":7,"column":29}},"4":{"start":{"line":8,"column":52},"end":{"line":8,"column":127}},"5":{"start":{"line":9,"column":41},"end":{"line":9,"column":107}},"6":{"start":{"line":12,"column":20},"end":{"line":22,"column":2}},"7":{"start":{"line":12,"column":38},"end":{"line":22,"column":2}},"8":{"start":{"line":13,"column":27},"end":{"line":13,"column":58}},"9":{"start":{"line":14,"column":21},"end":{"line":14,"column":44}},"10":{"start":{"line":15,"column":20},"end":{"line":15,"column":41}},"11":{"start":{"line":17,"column":22},"end":{"line":19,"column":60}},"12":{"start":{"line":21,"column":2},"end":{"line":21,"column":72}},"13":{"start":{"line":24,"column":16},"end":{"line":24,"column":79}},"14":{"start":{"line":24,"column":26},"end":{"line":24,"column":79}}},"fnMap":{"0":{"name":"(anonymous_0)","decl":{"start":{"line":5,"column":17},"end":{"line":5,"column":18}},"loc":{"start":{"line":5,"column":29},"end":{"line":5,"column":47}},"line":5},"1":{"name":"(anonymous_1)","decl":{"start":{"line":6,"column":11},"end":{"line":6,"column":12}},"loc":{"start":{"line":6,"column":22},"end":{"line":6,"column":46}},"line":6},"2":{"name":"(anonymous_2)","decl":{"start":{"line":7,"column":10},"end":{"line":7,"column":11}},"loc":{"start":{"line":7,"column":19},"end":{"line":7,"column":29}},"line":7},"3":{"name":"(anonymous_3)","decl":{"start":{"line":8,"column":21},"end":{"line":8,"column":22}},"loc":{"start":{"line":8,"column":52},"end":{"line":8,"column":127}},"line":8},"4":{"name":"(anonymous_4)","decl":{"start":{"line":9,"column":18},"end":{"line":9,"column":19}},"loc":{"start":{"line":9,"column":41},"end":{"line":9,"column":107}},"line":9},"5":{"name":"(anonymous_5)","decl":{"start":{"line":12,"column":20},"end":{"line":12,"column":21}},"loc":{"start":{"line":12,"column":38},"end":{"line":22,"column":2}},"line":12},"6":{"name":"(anonymous_6)","decl":{"start":{"line":12,"column":47},"end":{"line":12,"column":48}},"loc":{"start":{"line":12,"column":85},"end":{"line":22,"column":1}},"line":12},"7":{"name":"(anonymous_7)","decl":{"start":{"line":24,"column":16},"end":{"line":24,"column":17}},"loc":{"start":{"line":24,"column":26},"end":{"line":24,"column":79}},"line":24}},"branchMap":{"0":{"loc":{"start":{"line":6,"column":22},"end":{"line":6,"column":46}},"type":"cond-expr","locations":[{"start":{"line":6,"column":29},"end":{"line":6,"column":39}},{"start":{"line":6,"column":42},"end":{"line":6,"column":46}}],"line":6},"1":{"loc":{"start":{"line":8,"column":63},"end":{"line":8,"column":122}},"type":"cond-expr","locations":[{"start":{"line":8,"column":90},"end":{"line":8,"column":117}},{"start":{"line":8,"column":120},"end":{"line":8,"column":122}}],"line":8},"2":{"loc":{"start":{"line":17,"column":22},"end":{"line":19,"column":60}},"type":"cond-expr","locations":[{"start":{"line":18,"column":6},"end":{"line":18,"column":58}},{"start":{"line":19,"column":6},"end":{"line":19,"column":60}}],"line":17}},"s":{"0":3,"1":6,"2":6,"3":6,"4":6,"5":0,"6":3,"7":1,"8":6,"9":6,"10":6,"11":6,"12":6,"13":3,"14":1},"f":{"0":6,"1":6,"2":6,"3":6,"4":0,"5":1,"6":6,"7":1},"b":{"0":[5,1],"1":[1,5],"2":[0,6]},"_coverageSchema":"1a1c01bbd47fc00a2c39e90264f33305004495a9","hash":"e138ce5cf0996c42b2548d8bce242d6597deffb7"}
,"/Users/distillery/Documents/Hexlet/My Projects/frontend-project-46/src/formatters/toJson.js": {"path":"/Users/distillery/Documents/Hexlet/My Projects/frontend-project-46/src/formatters/toJson.js","statementMap":{"0":{"start":{"line":1,"column":15},"end":{"line":1,"column":45}},"1":{"start":{"line":1,"column":25},"end":{"line":1,"column":45}}},"fnMap":{"0":{"name":"(anonymous_0)","decl":{"start":{"line":1,"column":15},"end":{"line":1,"column":16}},"loc":{"start":{"line":1,"column":25},"end":{"line":1,"column":45}},"line":1}},"branchMap":{},"s":{"0":3,"1":1},"f":{"0":1},"b":{},"_coverageSchema":"1a1c01bbd47fc00a2c39e90264f33305004495a9","hash":"09d680425f80f983844e17f5442f44e6642ba43e"}
,"/Users/distillery/Documents/Hexlet/My Projects/frontend-project-46/src/utils/calcSpaces.js": {"path":"/Users/distillery/Documents/Hexlet/My Projects/frontend-project-46/src/utils/calcSpaces.js","statementMap":{"0":{"start":{"line":1,"column":19},"end":{"line":1,"column":73}},"1":{"start":{"line":1,"column":31},"end":{"line":1,"column":73}},"2":{"start":{"line":1,"column":60},"end":{"line":1,"column":63}}},"fnMap":{"0":{"name":"(anonymous_0)","decl":{"start":{"line":1,"column":19},"end":{"line":1,"column":20}},"loc":{"start":{"line":1,"column":31},"end":{"line":1,"column":73}},"line":1},"1":{"name":"(anonymous_1)","decl":{"start":{"line":1,"column":54},"end":{"line":1,"column":55}},"loc":{"start":{"line":1,"column":60},"end":{"line":1,"column":63}},"line":1}},"branchMap":{},"s":{"0":3,"1":7,"2":0},"f":{"0":7,"1":0},"b":{},"_coverageSchema":"1a1c01bbd47fc00a2c39e90264f33305004495a9","hash":"6833fed31787d4653ebed0e584ff82f5395b82c8"}
,"/Users/distillery/Documents/Hexlet/My Projects/frontend-project-46/src/utils/compare.js": {"path":"/Users/distillery/Documents/Hexlet/My Projects/frontend-project-46/src/utils/compare.js","statementMap":{"0":{"start":{"line":7,"column":18},"end":{"line":17,"column":1}},"1":{"start":{"line":8,"column":15},"end":{"line":8,"column":33}},"2":{"start":{"line":9,"column":17},"end":{"line":9,"column":19}},"3":{"start":{"line":11,"column":2},"end":{"line":11,"column":46}},"4":{"start":{"line":11,"column":33},"end":{"line":11,"column":46}},"5":{"start":{"line":12,"column":2},"end":{"line":14,"column":5}},"6":{"start":{"line":13,"column":4},"end":{"line":13,"column":117}},"7":{"start":{"line":16,"column":2},"end":{"line":16,"column":16}},"8":{"start":{"line":19,"column":16},"end":{"line":50,"column":1}},"9":{"start":{"line":20,"column":18},"end":{"line":20,"column":71}},"10":{"start":{"line":21,"column":15},"end":{"line":21,"column":34}},"11":{"start":{"line":22,"column":17},"end":{"line":22,"column":19}},"12":{"start":{"line":24,"column":2},"end":{"line":47,"column":5}},"13":{"start":{"line":25,"column":4},"end":{"line":46,"column":5}},"14":{"start":{"line":26,"column":6},"end":{"line":26,"column":55}},"15":{"start":{"line":27,"column":11},"end":{"line":46,"column":5}},"16":{"start":{"line":29,"column":6},"end":{"line":29,"column":117}},"17":{"start":{"line":30,"column":11},"end":{"line":46,"column":5}},"18":{"start":{"line":32,"column":6},"end":{"line":32,"column":117}},"19":{"start":{"line":33,"column":11},"end":{"line":46,"column":5}},"20":{"start":{"line":34,"column":6},"end":{"line":45,"column":7}},"21":{"start":{"line":35,"column":8},"end":{"line":35,"column":77}},"22":{"start":{"line":36,"column":13},"end":{"line":45,"column":7}},"23":{"start":{"line":37,"column":8},"end":{"line":37,"column":119}},"24":{"start":{"line":38,"column":8},"end":{"line":38,"column":58}},"25":{"start":{"line":39,"column":13},"end":{"line":45,"column":7}},"26":{"start":{"line":40,"column":8},"end":{"line":40,"column":58}},"27":{"start":{"line":41,"column":8},"end":{"line":41,"column":119}},"28":{"start":{"line":42,"column":13},"end":{"line":45,"column":7}},"29":{"start":{"line":43,"column":8},"end":{"line":43,"column":58}},"30":{"start":{"line":44,"column":8},"end":{"line":44,"column":58}},"31":{"start":{"line":49,"column":2},"end":{"line":49,"column":16}}},"fnMap":{"0":{"name":"(anonymous_0)","decl":{"start":{"line":7,"column":18},"end":{"line":7,"column":19}},"loc":{"start":{"line":7,"column":29},"end":{"line":17,"column":1}},"line":7},"1":{"name":"(anonymous_1)","decl":{"start":{"line":12,"column":15},"end":{"line":12,"column":16}},"loc":{"start":{"line":12,"column":24},"end":{"line":14,"column":3}},"line":12},"2":{"name":"(anonymous_2)","decl":{"start":{"line":19,"column":16},"end":{"line":19,"column":17}},"loc":{"start":{"line":19,"column":32},"end":{"line":50,"column":1}},"line":19},"3":{"name":"(anonymous_3)","decl":{"start":{"line":24,"column":15},"end":{"line":24,"column":16}},"loc":{"start":{"line":24,"column":24},"end":{"line":47,"column":3}},"line":24}},"branchMap":{"0":{"loc":{"start":{"line":11,"column":2},"end":{"line":11,"column":46}},"type":"if","locations":[{"start":{"line":11,"column":2},"end":{"line":11,"column":46}},{"start":{},"end":{}}],"line":11},"1":{"loc":{"start":{"line":13,"column":40},"end":{"line":13,"column":113}},"type":"cond-expr","locations":[{"start":{"line":13,"column":79},"end":{"line":13,"column":100}},{"start":{"line":13,"column":103},"end":{"line":13,"column":113}}],"line":13},"2":{"loc":{"start":{"line":25,"column":4},"end":{"line":46,"column":5}},"type":"if","locations":[{"start":{"line":25,"column":4},"end":{"line":46,"column":5}},{"start":{"line":27,"column":11},"end":{"line":46,"column":5}}],"line":25},"3":{"loc":{"start":{"line":27,"column":11},"end":{"line":46,"column":5}},"type":"if","locations":[{"start":{"line":27,"column":11},"end":{"line":46,"column":5}},{"start":{"line":30,"column":11},"end":{"line":46,"column":5}}],"line":27},"4":{"loc":{"start":{"line":27,"column":15},"end":{"line":28,"column":84}},"type":"binary-expr","locations":[{"start":{"line":27,"column":15},"end":{"line":27,"column":38}},{"start":{"line":28,"column":10},"end":{"line":28,"column":19}},{"start":{"line":28,"column":23},"end":{"line":28,"column":42}},{"start":{"line":28,"column":46},"end":{"line":28,"column":64}},{"start":{"line":28,"column":68},"end":{"line":28,"column":83}}],"line":27},"5":{"loc":{"start":{"line":29,"column":43},"end":{"line":29,"column":113}},"type":"cond-expr","locations":[{"start":{"line":29,"column":81},"end":{"line":29,"column":90}},{"start":{"line":29,"column":93},"end":{"line":29,"column":113}}],"line":29},"6":{"loc":{"start":{"line":30,"column":11},"end":{"line":46,"column":5}},"type":"if","locations":[{"start":{"line":30,"column":11},"end":{"line":46,"column":5}},{"start":{"line":33,"column":11},"end":{"line":46,"column":5}}],"line":30},"7":{"loc":{"start":{"line":30,"column":15},"end":{"line":31,"column":30}},"type":"binary-expr","locations":[{"start":{"line":30,"column":16},"end":{"line":30,"column":25}},{"start":{"line":30,"column":29},"end":{"line":30,"column":48}},{"start":{"line":30,"column":52},"end":{"line":30,"column":70}},{"start":{"line":30,"column":74},"end":{"line":30,"column":89}},{"start":{"line":31,"column":7},"end":{"line":31,"column":30}}],"line":30},"8":{"loc":{"start":{"line":32,"column":43},"end":{"line":32,"column":113}},"type":"cond-expr","locations":[{"start":{"line":32,"column":81},"end":{"line":32,"column":90}},{"start":{"line":32,"column":93},"end":{"line":32,"column":113}}],"line":32},"9":{"loc":{"start":{"line":33,"column":11},"end":{"line":46,"column":5}},"type":"if","locations":[{"start":{"line":33,"column":11},"end":{"line":46,"column":5}},{"start":{},"end":{}}],"line":33},"10":{"loc":{"start":{"line":34,"column":6},"end":{"line":45,"column":7}},"type":"if","locations":[{"start":{"line":34,"column":6},"end":{"line":45,"column":7}},{"start":{"line":36,"column":13},"end":{"line":45,"column":7}}],"line":34},"11":{"loc":{"start":{"line":34,"column":10},"end":{"line":34,"column":84}},"type":"binary-expr","locations":[{"start":{"line":34,"column":10},"end":{"line":34,"column":45}},{"start":{"line":34,"column":49},"end":{"line":34,"column":84}}],"line":34},"12":{"loc":{"start":{"line":36,"column":13},"end":{"line":45,"column":7}},"type":"if","locations":[{"start":{"line":36,"column":13},"end":{"line":45,"column":7}},{"start":{"line":39,"column":13},"end":{"line":45,"column":7}}],"line":36},"13":{"loc":{"start":{"line":36,"column":17},"end":{"line":36,"column":91}},"type":"binary-expr","locations":[{"start":{"line":36,"column":17},"end":{"line":36,"column":52}},{"start":{"line":36,"column":56},"end":{"line":36,"column":91}}],"line":36},"14":{"loc":{"start":{"line":37,"column":45},"end":{"line":37,"column":115}},"type":"cond-expr","locations":[{"start":{"line":37,"column":83},"end":{"line":37,"column":92}},{"start":{"line":37,"column":95},"end":{"line":37,"column":115}}],"line":37},"15":{"loc":{"start":{"line":39,"column":13},"end":{"line":45,"column":7}},"type":"if","locations":[{"start":{"line":39,"column":13},"end":{"line":45,"column":7}},{"start":{"line":42,"column":13},"end":{"line":45,"column":7}}],"line":39},"16":{"loc":{"start":{"line":39,"column":17},"end":{"line":39,"column":91}},"type":"binary-expr","locations":[{"start":{"line":39,"column":17},"end":{"line":39,"column":52}},{"start":{"line":39,"column":56},"end":{"line":39,"column":91}}],"line":39},"17":{"loc":{"start":{"line":41,"column":45},"end":{"line":41,"column":115}},"type":"cond-expr","locations":[{"start":{"line":41,"column":83},"end":{"line":41,"column":92}},{"start":{"line":41,"column":95},"end":{"line":41,"column":115}}],"line":41},"18":{"loc":{"start":{"line":42,"column":13},"end":{"line":45,"column":7}},"type":"if","locations":[{"start":{"line":42,"column":13},"end":{"line":45,"column":7}},{"start":{},"end":{}}],"line":42},"19":{"loc":{"start":{"line":42,"column":17},"end":{"line":42,"column":91}},"type":"binary-expr","locations":[{"start":{"line":42,"column":17},"end":{"line":42,"column":52}},{"start":{"line":42,"column":56},"end":{"line":42,"column":91}}],"line":42}},"s":{"0":4,"1":6,"2":6,"3":6,"4":0,"5":6,"6":6,"7":6,"8":4,"9":9,"10":9,"11":9,"12":9,"13":32,"14":9,"15":23,"16":5,"17":18,"18":9,"19":9,"20":9,"21":3,"22":6,"23":1,"24":1,"25":5,"26":1,"27":1,"28":4,"29":4,"30":4,"31":9},"f":{"0":6,"1":6,"2":9,"3":32},"b":{"0":[0,6],"1":[2,4],"2":[9,23],"3":[5,18],"4":[23,5,0,0,0],"5":[4,1],"6":[9,9],"7":[18,4,0,0,18],"8":[8,1],"9":[9,0],"10":[3,6],"11":[9,4],"12":[1,5],"13":[6,1],"14":[0,1],"15":[1,4],"16":[5,5],"17":[0,1],"18":[4,0],"19":[4,4]},"_coverageSchema":"1a1c01bbd47fc00a2c39e90264f33305004495a9","hash":"b4d71f7546040f29ddddf844d7a4045901644820"}
,"/Users/distillery/Documents/Hexlet/My Projects/frontend-project-46/src/utils/extraTypeOf.js": {"path":"/Users/distillery/Documents/Hexlet/My Projects/frontend-project-46/src/utils/extraTypeOf.js","statementMap":{"0":{"start":{"line":1,"column":20},"end":{"line":1,"column":92}},"1":{"start":{"line":1,"column":29},"end":{"line":1,"column":92}}},"fnMap":{"0":{"name":"(anonymous_0)","decl":{"start":{"line":1,"column":20},"end":{"line":1,"column":21}},"loc":{"start":{"line":1,"column":29},"end":{"line":1,"column":92}},"line":1}},"branchMap":{},"s":{"0":4,"1":73},"f":{"0":73},"b":{},"_coverageSchema":"1a1c01bbd47fc00a2c39e90264f33305004495a9","hash":"d3d570022f8c4d629adad49336b0aa6b29d9e47d"}
,"/Users/distillery/Documents/Hexlet/My Projects/frontend-project-46/src/utils/sort.js": {"path":"/Users/distillery/Documents/Hexlet/My Projects/frontend-project-46/src/utils/sort.js","statementMap":{"0":{"start":{"line":1,"column":26},"end":{"line":12,"column":2}},"1":{"start":{"line":1,"column":36},"end":{"line":12,"column":2}},"2":{"start":{"line":5,"column":2},"end":{"line":7,"column":3}},"3":{"start":{"line":6,"column":4},"end":{"line":6,"column":14}},"4":{"start":{"line":8,"column":2},"end":{"line":10,"column":3}},"5":{"start":{"line":9,"column":4},"end":{"line":9,"column":13}},"6":{"start":{"line":11,"column":2},"end":{"line":11,"column":11}},"7":{"start":{"line":14,"column":20},"end":{"line":24,"column":1}},"8":{"start":{"line":15,"column":23},"end":{"line":15,"column":39}},"9":{"start":{"line":16,"column":2},"end":{"line":21,"column":5}},"10":{"start":{"line":17,"column":4},"end":{"line":19,"column":5}},"11":{"start":{"line":18,"column":6},"end":{"line":18,"column":30}},"12":{"start":{"line":20,"column":4},"end":{"line":20,"column":16}},"13":{"start":{"line":23,"column":2},"end":{"line":23,"column":22}}},"fnMap":{"0":{"name":"(anonymous_0)","decl":{"start":{"line":1,"column":26},"end":{"line":1,"column":27}},"loc":{"start":{"line":1,"column":36},"end":{"line":12,"column":2}},"line":1},"1":{"name":"(anonymous_1)","decl":{"start":{"line":1,"column":46},"end":{"line":1,"column":47}},"loc":{"start":{"line":4,"column":5},"end":{"line":12,"column":1}},"line":4},"2":{"name":"(anonymous_2)","decl":{"start":{"line":14,"column":20},"end":{"line":14,"column":21}},"loc":{"start":{"line":14,"column":30},"end":{"line":24,"column":1}},"line":14},"3":{"name":"(anonymous_3)","decl":{"start":{"line":16,"column":19},"end":{"line":16,"column":20}},"loc":{"start":{"line":16,"column":29},"end":{"line":21,"column":3}},"line":16}},"branchMap":{"0":{"loc":{"start":{"line":5,"column":2},"end":{"line":7,"column":3}},"type":"if","locations":[{"start":{"line":5,"column":2},"end":{"line":7,"column":3}},{"start":{},"end":{}}],"line":5},"1":{"loc":{"start":{"line":8,"column":2},"end":{"line":10,"column":3}},"type":"if","locations":[{"start":{"line":8,"column":2},"end":{"line":10,"column":3}},{"start":{},"end":{}}],"line":8},"2":{"loc":{"start":{"line":17,"column":4},"end":{"line":19,"column":5}},"type":"if","locations":[{"start":{"line":17,"column":4},"end":{"line":19,"column":5}},{"start":{},"end":{}}],"line":17}},"s":{"0":4,"1":6,"2":53,"3":25,"4":28,"5":23,"6":5,"7":4,"8":3,"9":3,"10":18,"11":0,"12":18,"13":3},"f":{"0":6,"1":53,"2":3,"3":18},"b":{"0":[25,28],"1":[23,5],"2":[0,18]},"_coverageSchema":"1a1c01bbd47fc00a2c39e90264f33305004495a9","hash":"b46c549ffc2f8fa8217672dc86435e64591fbbf8"}
}
