{"/Users/distillery/Documents/Hexlet/My Projects/frontend-project-46/src/utils/compare.js": {"path":"/Users/distillery/Documents/Hexlet/My Projects/frontend-project-46/src/utils/compare.js","statementMap":{"0":{"start":{"line":7,"column":18},"end":{"line":17,"column":1}},"1":{"start":{"line":8,"column":15},"end":{"line":8,"column":33}},"2":{"start":{"line":9,"column":17},"end":{"line":9,"column":19}},"3":{"start":{"line":11,"column":2},"end":{"line":11,"column":46}},"4":{"start":{"line":11,"column":33},"end":{"line":11,"column":46}},"5":{"start":{"line":12,"column":2},"end":{"line":14,"column":5}},"6":{"start":{"line":13,"column":4},"end":{"line":13,"column":117}},"7":{"start":{"line":16,"column":2},"end":{"line":16,"column":16}},"8":{"start":{"line":19,"column":16},"end":{"line":50,"column":1}},"9":{"start":{"line":20,"column":18},"end":{"line":20,"column":71}},"10":{"start":{"line":21,"column":15},"end":{"line":21,"column":34}},"11":{"start":{"line":22,"column":17},"end":{"line":22,"column":19}},"12":{"start":{"line":24,"column":2},"end":{"line":47,"column":5}},"13":{"start":{"line":25,"column":4},"end":{"line":46,"column":5}},"14":{"start":{"line":26,"column":6},"end":{"line":26,"column":55}},"15":{"start":{"line":27,"column":11},"end":{"line":46,"column":5}},"16":{"start":{"line":29,"column":6},"end":{"line":29,"column":117}},"17":{"start":{"line":30,"column":11},"end":{"line":46,"column":5}},"18":{"start":{"line":32,"column":6},"end":{"line":32,"column":117}},"19":{"start":{"line":33,"column":11},"end":{"line":46,"column":5}},"20":{"start":{"line":34,"column":6},"end":{"line":45,"column":7}},"21":{"start":{"line":35,"column":8},"end":{"line":35,"column":77}},"22":{"start":{"line":36,"column":13},"end":{"line":45,"column":7}},"23":{"start":{"line":37,"column":8},"end":{"line":37,"column":119}},"24":{"start":{"line":38,"column":8},"end":{"line":38,"column":58}},"25":{"start":{"line":39,"column":13},"end":{"line":45,"column":7}},"26":{"start":{"line":40,"column":8},"end":{"line":40,"column":58}},"27":{"start":{"line":41,"column":8},"end":{"line":41,"column":119}},"28":{"start":{"line":42,"column":13},"end":{"line":45,"column":7}},"29":{"start":{"line":43,"column":8},"end":{"line":43,"column":58}},"30":{"start":{"line":44,"column":8},"end":{"line":44,"column":58}},"31":{"start":{"line":49,"column":2},"end":{"line":49,"column":16}}},"fnMap":{"0":{"name":"(anonymous_0)","decl":{"start":{"line":7,"column":18},"end":{"line":7,"column":19}},"loc":{"start":{"line":7,"column":29},"end":{"line":17,"column":1}},"line":7},"1":{"name":"(anonymous_1)","decl":{"start":{"line":12,"column":15},"end":{"line":12,"column":16}},"loc":{"start":{"line":12,"column":24},"end":{"line":14,"column":3}},"line":12},"2":{"name":"(anonymous_2)","decl":{"start":{"line":19,"column":16},"end":{"line":19,"column":17}},"loc":{"start":{"line":19,"column":32},"end":{"line":50,"column":1}},"line":19},"3":{"name":"(anonymous_3)","decl":{"start":{"line":24,"column":15},"end":{"line":24,"column":16}},"loc":{"start":{"line":24,"column":24},"end":{"line":47,"column":3}},"line":24}},"branchMap":{"0":{"loc":{"start":{"line":11,"column":2},"end":{"line":11,"column":46}},"type":"if","locations":[{"start":{"line":11,"column":2},"end":{"line":11,"column":46}},{"start":{},"end":{}}],"line":11},"1":{"loc":{"start":{"line":13,"column":40},"end":{"line":13,"column":113}},"type":"cond-expr","locations":[{"start":{"line":13,"column":79},"end":{"line":13,"column":100}},{"start":{"line":13,"column":103},"end":{"line":13,"column":113}}],"line":13},"2":{"loc":{"start":{"line":25,"column":4},"end":{"line":46,"column":5}},"type":"if","locations":[{"start":{"line":25,"column":4},"end":{"line":46,"column":5}},{"start":{"line":27,"column":11},"end":{"line":46,"column":5}}],"line":25},"3":{"loc":{"start":{"line":27,"column":11},"end":{"line":46,"column":5}},"type":"if","locations":[{"start":{"line":27,"column":11},"end":{"line":46,"column":5}},{"start":{"line":30,"column":11},"end":{"line":46,"column":5}}],"line":27},"4":{"loc":{"start":{"line":27,"column":15},"end":{"line":28,"column":84}},"type":"binary-expr","locations":[{"start":{"line":27,"column":15},"end":{"line":27,"column":38}},{"start":{"line":28,"column":10},"end":{"line":28,"column":19}},{"start":{"line":28,"column":23},"end":{"line":28,"column":42}},{"start":{"line":28,"column":46},"end":{"line":28,"column":64}},{"start":{"line":28,"column":68},"end":{"line":28,"column":83}}],"line":27},"5":{"loc":{"start":{"line":29,"column":43},"end":{"line":29,"column":113}},"type":"cond-expr","locations":[{"start":{"line":29,"column":81},"end":{"line":29,"column":90}},{"start":{"line":29,"column":93},"end":{"line":29,"column":113}}],"line":29},"6":{"loc":{"start":{"line":30,"column":11},"end":{"line":46,"column":5}},"type":"if","locations":[{"start":{"line":30,"column":11},"end":{"line":46,"column":5}},{"start":{"line":33,"column":11},"end":{"line":46,"column":5}}],"line":30},"7":{"loc":{"start":{"line":30,"column":15},"end":{"line":31,"column":30}},"type":"binary-expr","locations":[{"start":{"line":30,"column":16},"end":{"line":30,"column":25}},{"start":{"line":30,"column":29},"end":{"line":30,"column":48}},{"start":{"line":30,"column":52},"end":{"line":30,"column":70}},{"start":{"line":30,"column":74},"end":{"line":30,"column":89}},{"start":{"line":31,"column":7},"end":{"line":31,"column":30}}],"line":30},"8":{"loc":{"start":{"line":32,"column":43},"end":{"line":32,"column":113}},"type":"cond-expr","locations":[{"start":{"line":32,"column":81},"end":{"line":32,"column":90}},{"start":{"line":32,"column":93},"end":{"line":32,"column":113}}],"line":32},"9":{"loc":{"start":{"line":33,"column":11},"end":{"line":46,"column":5}},"type":"if","locations":[{"start":{"line":33,"column":11},"end":{"line":46,"column":5}},{"start":{},"end":{}}],"line":33},"10":{"loc":{"start":{"line":34,"column":6},"end":{"line":45,"column":7}},"type":"if","locations":[{"start":{"line":34,"column":6},"end":{"line":45,"column":7}},{"start":{"line":36,"column":13},"end":{"line":45,"column":7}}],"line":34},"11":{"loc":{"start":{"line":34,"column":10},"end":{"line":34,"column":84}},"type":"binary-expr","locations":[{"start":{"line":34,"column":10},"end":{"line":34,"column":45}},{"start":{"line":34,"column":49},"end":{"line":34,"column":84}}],"line":34},"12":{"loc":{"start":{"line":36,"column":13},"end":{"line":45,"column":7}},"type":"if","locations":[{"start":{"line":36,"column":13},"end":{"line":45,"column":7}},{"start":{"line":39,"column":13},"end":{"line":45,"column":7}}],"line":36},"13":{"loc":{"start":{"line":36,"column":17},"end":{"line":36,"column":91}},"type":"binary-expr","locations":[{"start":{"line":36,"column":17},"end":{"line":36,"column":52}},{"start":{"line":36,"column":56},"end":{"line":36,"column":91}}],"line":36},"14":{"loc":{"start":{"line":37,"column":45},"end":{"line":37,"column":115}},"type":"cond-expr","locations":[{"start":{"line":37,"column":83},"end":{"line":37,"column":92}},{"start":{"line":37,"column":95},"end":{"line":37,"column":115}}],"line":37},"15":{"loc":{"start":{"line":39,"column":13},"end":{"line":45,"column":7}},"type":"if","locations":[{"start":{"line":39,"column":13},"end":{"line":45,"column":7}},{"start":{"line":42,"column":13},"end":{"line":45,"column":7}}],"line":39},"16":{"loc":{"start":{"line":39,"column":17},"end":{"line":39,"column":91}},"type":"binary-expr","locations":[{"start":{"line":39,"column":17},"end":{"line":39,"column":52}},{"start":{"line":39,"column":56},"end":{"line":39,"column":91}}],"line":39},"17":{"loc":{"start":{"line":41,"column":45},"end":{"line":41,"column":115}},"type":"cond-expr","locations":[{"start":{"line":41,"column":83},"end":{"line":41,"column":92}},{"start":{"line":41,"column":95},"end":{"line":41,"column":115}}],"line":41},"18":{"loc":{"start":{"line":42,"column":13},"end":{"line":45,"column":7}},"type":"if","locations":[{"start":{"line":42,"column":13},"end":{"line":45,"column":7}},{"start":{},"end":{}}],"line":42},"19":{"loc":{"start":{"line":42,"column":17},"end":{"line":42,"column":91}},"type":"binary-expr","locations":[{"start":{"line":42,"column":17},"end":{"line":42,"column":52}},{"start":{"line":42,"column":56},"end":{"line":42,"column":91}}],"line":42}},"s":{"0":1,"1":7,"2":7,"3":7,"4":0,"5":7,"6":9,"7":7,"8":1,"9":7,"10":7,"11":7,"12":7,"13":27,"14":8,"15":19,"16":6,"17":13,"18":4,"19":9,"20":9,"21":4,"22":5,"23":1,"24":1,"25":4,"26":0,"27":0,"28":4,"29":4,"30":4,"31":7},"f":{"0":7,"1":9,"2":7,"3":27},"b":{"0":[0,7],"1":[3,6],"2":[8,19],"3":[6,13],"4":[19,6,1,0,0],"5":[4,2],"6":[4,9],"7":[13,2,1,1,12],"8":[3,1],"9":[9,0],"10":[4,5],"11":[9,5],"12":[1,4],"13":[5,1],"14":[0,1],"15":[0,4],"16":[4,4],"17":[0,0],"18":[4,0],"19":[4,4]},"_coverageSchema":"1a1c01bbd47fc00a2c39e90264f33305004495a9","hash":"b4d71f7546040f29ddddf844d7a4045901644820"}
,"/Users/distillery/Documents/Hexlet/My Projects/frontend-project-46/src/utils/extraTypeOf.js": {"path":"/Users/distillery/Documents/Hexlet/My Projects/frontend-project-46/src/utils/extraTypeOf.js","statementMap":{"0":{"start":{"line":1,"column":20},"end":{"line":1,"column":92}},"1":{"start":{"line":1,"column":29},"end":{"line":1,"column":92}}},"fnMap":{"0":{"name":"(anonymous_0)","decl":{"start":{"line":1,"column":20},"end":{"line":1,"column":21}},"loc":{"start":{"line":1,"column":29},"end":{"line":1,"column":92}},"line":1}},"branchMap":{},"s":{"0":1,"1":56},"f":{"0":56},"b":{},"_coverageSchema":"1a1c01bbd47fc00a2c39e90264f33305004495a9","hash":"d3d570022f8c4d629adad49336b0aa6b29d9e47d"}
,"/Users/distillery/Documents/Hexlet/My Projects/frontend-project-46/src/utils/sort.js": {"path":"/Users/distillery/Documents/Hexlet/My Projects/frontend-project-46/src/utils/sort.js","statementMap":{"0":{"start":{"line":1,"column":19},"end":{"line":12,"column":2}},"1":{"start":{"line":1,"column":29},"end":{"line":12,"column":2}},"2":{"start":{"line":5,"column":2},"end":{"line":7,"column":3}},"3":{"start":{"line":6,"column":4},"end":{"line":6,"column":14}},"4":{"start":{"line":8,"column":2},"end":{"line":10,"column":3}},"5":{"start":{"line":9,"column":4},"end":{"line":9,"column":13}},"6":{"start":{"line":11,"column":2},"end":{"line":11,"column":11}},"7":{"start":{"line":14,"column":13},"end":{"line":24,"column":1}},"8":{"start":{"line":15,"column":16},"end":{"line":15,"column":32}},"9":{"start":{"line":16,"column":2},"end":{"line":21,"column":5}},"10":{"start":{"line":17,"column":4},"end":{"line":19,"column":5}},"11":{"start":{"line":18,"column":6},"end":{"line":18,"column":30}},"12":{"start":{"line":20,"column":4},"end":{"line":20,"column":16}},"13":{"start":{"line":23,"column":2},"end":{"line":23,"column":15}}},"fnMap":{"0":{"name":"(anonymous_0)","decl":{"start":{"line":1,"column":19},"end":{"line":1,"column":20}},"loc":{"start":{"line":1,"column":29},"end":{"line":12,"column":2}},"line":1},"1":{"name":"(anonymous_1)","decl":{"start":{"line":1,"column":39},"end":{"line":1,"column":40}},"loc":{"start":{"line":4,"column":5},"end":{"line":12,"column":1}},"line":4},"2":{"name":"(anonymous_2)","decl":{"start":{"line":14,"column":13},"end":{"line":14,"column":14}},"loc":{"start":{"line":14,"column":23},"end":{"line":24,"column":1}},"line":14},"3":{"name":"(anonymous_3)","decl":{"start":{"line":16,"column":12},"end":{"line":16,"column":13}},"loc":{"start":{"line":16,"column":22},"end":{"line":21,"column":3}},"line":16}},"branchMap":{"0":{"loc":{"start":{"line":5,"column":2},"end":{"line":7,"column":3}},"type":"if","locations":[{"start":{"line":5,"column":2},"end":{"line":7,"column":3}},{"start":{},"end":{}}],"line":5},"1":{"loc":{"start":{"line":8,"column":2},"end":{"line":10,"column":3}},"type":"if","locations":[{"start":{"line":8,"column":2},"end":{"line":10,"column":3}},{"start":{},"end":{}}],"line":8},"2":{"loc":{"start":{"line":17,"column":4},"end":{"line":19,"column":5}},"type":"if","locations":[{"start":{"line":17,"column":4},"end":{"line":19,"column":5}},{"start":{},"end":{}}],"line":17}},"s":{"0":1,"1":3,"2":26,"3":15,"4":11,"5":8,"6":3,"7":1,"8":3,"9":3,"10":16,"11":1,"12":15,"13":3},"f":{"0":3,"1":26,"2":3,"3":16},"b":{"0":[15,11],"1":[8,3],"2":[1,15]},"_coverageSchema":"1a1c01bbd47fc00a2c39e90264f33305004495a9","hash":"66c6357ae5a1aa8b6603a8a187842d72b23df92f"}
}
