TN:
SF:__fixtures__/tests-fixtures.js
FNF:0
FNH:0
DA:1,1
DA:52,1
DA:65,1
DA:67,1
DA:68,1
LF:5
LH:5
BRF:0
BRH:0
end_of_record
TN:
SF:src/index.js
FN:7,(anonymous_0)
FNF:1
FNH:1
FNDA:3,(anonymous_0)
DA:7,1
DA:8,3
DA:9,3
DA:10,3
DA:11,3
DA:13,3
DA:17,3
LF:7
LH:7
BRF:0
BRH:0
end_of_record
TN:
SF:src/parsers.js
FN:3,(anonymous_0)
FNF:1
FNH:1
FNDA:8,(anonymous_0)
DA:3,2
DA:4,8
DA:6,7
DA:10,1
DA:13,0
DA:16,0
LF:6
LH:4
BRDA:4,0,0,7
BRDA:4,0,1,1
BRDA:4,0,2,1
BRDA:4,0,3,0
BRF:4
BRH:3
end_of_record
TN:
SF:src/formatters/index.js
FN:11,(anonymous_0)
FNF:1
FNH:1
FNDA:3,(anonymous_0)
DA:5,1
DA:11,3
LF:2
LH:2
BRDA:11,0,0,0
BRF:1
BRH:0
end_of_record
TN:
SF:src/formatters/plain.js
FN:3,(anonymous_0)
FN:10,(anonymous_1)
FN:12,(anonymous_2)
FN:12,(anonymous_3)
FN:30,(anonymous_4)
FNF:5
FNH:5
FNDA:21,(anonymous_0)
FNDA:17,(anonymous_1)
FNDA:7,(anonymous_2)
FNDA:22,(anonymous_3)
FNDA:1,(anonymous_4)
DA:3,1
DA:4,21
DA:5,4
DA:7,17
DA:10,17
DA:12,7
DA:13,22
DA:14,6
DA:16,16
DA:17,5
DA:20,11
DA:21,2
DA:24,9
DA:25,4
DA:27,5
DA:30,1
LF:16
LH:16
BRDA:4,0,0,4
BRDA:4,0,1,17
BRDA:7,1,0,12
BRDA:7,1,1,5
BRDA:10,2,0,12
BRDA:10,2,1,5
BRDA:13,3,0,6
BRDA:13,3,1,16
BRDA:16,4,0,5
BRDA:16,4,1,11
BRDA:20,5,0,2
BRDA:20,5,1,9
BRDA:24,6,0,4
BRDA:24,6,1,5
BRDA:25,7,0,0
BRDA:25,7,1,4
BRDA:25,8,0,0
BRDA:25,8,1,4
BRDA:30,9,0,1
BRF:19
BRH:17
end_of_record
TN:
SF:src/formatters/stylish.js
FN:3,(anonymous_0)
FN:3,(anonymous_1)
FN:5,(anonymous_2)
FN:7,(anonymous_3)
FN:12,(anonymous_4)
FN:12,(anonymous_5)
FN:35,(anonymous_6)
FNF:7
FNH:7
FNDA:48,(anonymous_0)
FNDA:356,(anonymous_1)
FNDA:29,(anonymous_2)
FNDA:9,(anonymous_3)
FNDA:7,(anonymous_4)
FNDA:22,(anonymous_5)
FNDA:1,(anonymous_6)
DA:3,356
DA:5,1
DA:6,29
DA:7,9
DA:9,22
DA:12,7
DA:13,22
DA:14,6
DA:16,16
DA:17,5
DA:20,11
DA:21,2
DA:24,9
DA:25,4
DA:28,5
DA:29,5
DA:32,0
DA:35,1
LF:18
LH:17
BRDA:6,0,0,7
BRDA:6,0,1,22
BRDA:13,1,0,6
BRDA:13,1,1,16
BRDA:16,2,0,5
BRDA:16,2,1,11
BRDA:20,3,0,2
BRDA:20,3,1,9
BRDA:24,4,0,4
BRDA:24,4,1,5
BRDA:28,5,0,5
BRDA:28,5,1,0
BRF:12
BRH:11
end_of_record
TN:
SF:src/formatters/toJson.js
FN:1,(anonymous_0)
FNF:1
FNH:1
FNDA:1,(anonymous_0)
DA:1,1
LF:1
LH:1
BRF:0
BRH:0
end_of_record
TN:
SF:src/utils/generateDiffTree.js
FN:3,(anonymous_0)
FN:4,(anonymous_1)
FN:5,(anonymous_2)
FN:6,(anonymous_3)
FNF:4
FNH:4
FNDA:21,(anonymous_0)
FNDA:111,(anonymous_1)
FNDA:66,(anonymous_2)
FNDA:66,(anonymous_3)
DA:3,1
DA:4,111
DA:5,66
DA:6,21
DA:7,66
DA:8,18
DA:11,48
DA:15,27
DA:16,15
DA:23,12
DA:24,12
DA:33,21
DA:34,15
DA:42,6
DA:43,6
DA:50,0
DA:53,21
LF:17
LH:16
BRDA:3,0,0,3
BRDA:7,1,0,18
BRDA:7,1,1,48
BRDA:7,2,0,66
BRDA:7,2,1,24
BRDA:11,3,0,27
BRDA:11,3,1,21
BRDA:12,4,0,48
BRDA:12,4,1,33
BRDA:15,5,0,15
BRDA:15,5,1,12
BRDA:23,6,0,12
BRDA:23,6,1,0
BRDA:33,7,0,15
BRDA:33,7,1,6
BRDA:42,8,0,6
BRDA:42,8,1,0
BRF:17
BRH:15
end_of_record
