TN:
SF:__fixtures__/tests-fixtures.js
FNF:0
FNH:0
DA:1,1
DA:52,1
DA:65,1
DA:67,1
DA:68,1
LF:5
LH:5
BRF:0
BRH:0
end_of_record
TN:
SF:src/index.js
FN:7,(anonymous_0)
FNF:1
FNH:1
FNDA:3,(anonymous_0)
DA:7,1
DA:8,3
DA:9,3
DA:10,3
DA:11,3
DA:13,3
DA:17,3
LF:7
LH:7
BRDA:7,0,0,0
BRF:1
BRH:0
end_of_record
TN:
SF:src/parsers.js
FN:3,(anonymous_0)
FNF:1
FNH:1
FNDA:8,(anonymous_0)
DA:3,2
DA:4,8
DA:6,7
DA:10,1
DA:13,0
DA:16,0
LF:6
LH:4
BRDA:4,0,0,7
BRDA:4,0,1,1
BRDA:4,0,2,1
BRDA:4,0,3,0
BRF:4
BRH:3
end_of_record
TN:
SF:src/formatters/index.js
FN:11,(anonymous_0)
FNF:1
FNH:1
FNDA:3,(anonymous_0)
DA:5,1
DA:11,3
LF:2
LH:2
BRF:0
BRH:0
end_of_record
TN:
SF:src/formatters/plain.js
FN:3,(anonymous_0)
FN:10,(anonymous_1)
FN:12,(anonymous_2)
FN:12,(anonymous_3)
FN:30,(anonymous_4)
FNF:5
FNH:5
FNDA:21,(anonymous_0)
FNDA:17,(anonymous_1)
FNDA:7,(anonymous_2)
FNDA:22,(anonymous_3)
FNDA:1,(anonymous_4)
DA:3,1
DA:4,21
DA:5,4
DA:7,17
DA:10,17
DA:12,7
DA:13,22
DA:14,6
DA:16,16
DA:17,5
DA:20,11
DA:21,2
DA:24,9
DA:25,4
DA:27,5
DA:30,1
LF:16
LH:16
BRDA:4,0,0,4
BRDA:4,0,1,17
BRDA:7,1,0,12
BRDA:7,1,1,5
BRDA:10,2,0,12
BRDA:10,2,1,5
BRDA:13,3,0,6
BRDA:13,3,1,16
BRDA:16,4,0,5
BRDA:16,4,1,11
BRDA:20,5,0,2
BRDA:20,5,1,9
BRDA:24,6,0,4
BRDA:24,6,1,5
BRDA:25,7,0,0
BRDA:25,7,1,4
BRDA:25,8,0,0
BRDA:25,8,1,4
BRDA:30,9,0,1
BRF:19
BRH:17
end_of_record
TN:
SF:src/formatters/stylish.js
FN:4,(anonymous_0)
FN:21,(anonymous_1)
FN:23,(anonymous_2)
FN:24,(anonymous_3)
FN:25,(anonymous_4)
FN:28,(anonymous_5)
FN:36,(anonymous_6)
FN:36,(anonymous_7)
FN:61,(anonymous_8)
FNF:9
FNH:9
FNDA:48,(anonymous_0)
FNDA:10,(anonymous_1)
FNDA:23,(anonymous_2)
FNDA:9,(anonymous_3)
FNDA:3,(anonymous_4)
FNDA:9,(anonymous_5)
FNDA:7,(anonymous_6)
FNDA:22,(anonymous_7)
FNDA:1,(anonymous_8)
DA:4,1
DA:5,48
DA:6,48
DA:7,9
DA:10,39
DA:11,6
DA:14,33
DA:15,33
DA:18,0
DA:21,10
DA:23,1
DA:24,23
DA:25,23
DA:27,23
DA:28,9
DA:29,7
DA:31,7
DA:33,16
DA:36,7
DA:37,22
DA:38,6
DA:40,16
DA:41,5
DA:44,11
DA:45,2
DA:48,9
DA:49,4
DA:50,4
DA:51,4
DA:54,5
DA:55,5
DA:58,0
DA:61,1
LF:33
LH:31
BRDA:4,0,0,33
BRDA:6,1,0,9
BRDA:6,1,1,39
BRDA:10,2,0,6
BRDA:10,2,1,33
BRDA:14,3,0,33
BRDA:14,3,1,0
BRDA:21,4,0,4
BRDA:21,4,1,6
BRDA:23,5,0,3
BRDA:27,6,0,7
BRDA:27,6,1,16
BRDA:28,7,0,3
BRDA:28,7,1,6
BRDA:31,8,0,4
BRDA:31,8,1,3
BRDA:37,9,0,6
BRDA:37,9,1,16
BRDA:40,10,0,5
BRDA:40,10,1,11
BRDA:44,11,0,2
BRDA:44,11,1,9
BRDA:48,12,0,4
BRDA:48,12,1,5
BRDA:54,13,0,5
BRDA:54,13,1,0
BRF:26
BRH:24
end_of_record
TN:
SF:src/formatters/toJson.js
FN:1,(anonymous_0)
FNF:1
FNH:1
FNDA:1,(anonymous_0)
DA:1,1
LF:1
LH:1
BRF:0
BRH:0
end_of_record
TN:
SF:src/utils/generateDiffTree.js
FN:3,(anonymous_0)
FN:4,(anonymous_1)
FN:5,(anonymous_2)
FN:6,(anonymous_3)
FNF:4
FNH:4
FNDA:21,(anonymous_0)
FNDA:111,(anonymous_1)
FNDA:66,(anonymous_2)
FNDA:66,(anonymous_3)
DA:3,1
DA:4,111
DA:5,66
DA:6,21
DA:7,66
DA:8,18
DA:11,48
DA:12,15
DA:19,33
DA:20,6
DA:27,27
DA:28,15
DA:35,12
DA:36,12
DA:44,0
DA:47,21
LF:16
LH:15
BRDA:3,0,0,3
BRDA:7,1,0,18
BRDA:7,1,1,48
BRDA:7,2,0,66
BRDA:7,2,1,24
BRDA:11,3,0,15
BRDA:11,3,1,33
BRDA:19,4,0,6
BRDA:19,4,1,27
BRDA:27,5,0,15
BRDA:27,5,1,12
BRDA:35,6,0,12
BRDA:35,6,1,0
BRF:13
BRH:12
end_of_record
